<?xml version="1.0" encoding="UTF-8"?>
<!-- Generated by org.testng.reporters.JUnitReportReporter -->
<testsuite hostname="DESKTOP-DHJEVHR" failures="0" tests="1" name="com.TestNGBasics.GoogleTest" time="12.875" errors="0" timestamp="2023-03-13T01:06:05 IST" skipped="0">
  <testcase classname="com.TestNGBasics.GoogleTest" name="searchLetcode" time="12.875"/>
  <system-out/>
</testsuite> <!-- com.TestNGBasics.GoogleTest -->
