<?xml version="1.0" encoding="UTF-8"?>
<!-- Generated by org.testng.reporters.JUnitReportReporter -->
<testsuite hostname="DESKTOP-DHJEVHR" failures="0" tests="5" name="com.TestNGBasics.LearnAttributesOne" time="0.034" errors="0" timestamp="2023-02-25T13:59:00 IST" skipped="0">
  <testcase classname="com.TestNGBasics.LearnAttributesOne" name="signUp" time="0.017"/>
  <system-out/>
  <testcase classname="com.TestNGBasics.LearnAttributesOne" name="login" time="0.006"/>
  <system-out/>
  <testcase classname="com.TestNGBasics.LearnAttributesOne" name="searchProduct" time="0.004"/>
  <system-out/>
  <testcase classname="com.TestNGBasics.LearnAttributesOne" name="addToCart" time="0.004"/>
  <system-out/>
  <testcase classname="com.TestNGBasics.LearnAttributesOne" name="logOut" time="0.003"/>
  <system-out/>
</testsuite> <!-- com.TestNGBasics.LearnAttributesOne -->
