<?xml version="1.0" encoding="UTF-8"?>
<!-- Generated by org.testng.reporters.JUnitReportReporter -->
<testsuite hostname="DESKTOP-DHJEVHR" failures="0" tests="2" name="com.TestNGBasics.DataProviderPractise" time="0.018" errors="0" timestamp="2023-03-03T00:32:11 IST" skipped="0">
  <testcase classname="com.TestNGBasics.DataProviderPractise" name="login" time="0.012"/>
  <system-out/>
  <testcase classname="com.TestNGBasics.DataProviderPractise" name="login" time="0.006"/>
  <system-out/>
</testsuite> <!-- com.TestNGBasics.DataProviderPractise -->
