<?xml version="1.0" encoding="UTF-8"?>
<!-- Generated by org.testng.reporters.JUnitReportReporter -->
<testsuite hostname="DESKTOP-DHJEVHR" failures="0" tests="1" name="com.TestNGBasics.LearnAttributesFive" time="13.479" errors="0" timestamp="2023-03-06T13:32:19 IST" skipped="0">
  <testcase classname="com.TestNGBasics.LearnAttributesFive" name="findNoOfWords" time="13.479"/>
  <system-out/>
</testsuite> <!-- com.TestNGBasics.LearnAttributesFive -->
