<?xml version="1.0" encoding="UTF-8"?>
<!-- Generated by org.testng.reporters.JUnitReportReporter -->
<testsuite hostname="DESKTOP-DHJEVHR" failures="0" tests="1" name="com.TestNGBasics.GuruBankProject" time="30.522" errors="0" timestamp="2023-03-04T22:06:10 IST" skipped="0">
  <testcase classname="com.TestNGBasics.GuruBankProject" name="login" time="30.522"/>
  <system-out/>
</testsuite> <!-- com.TestNGBasics.GuruBankProject -->
