<?xml version="1.0" encoding="UTF-8"?>
<!-- Generated by org.testng.reporters.JUnitReportReporter -->
<testsuite hostname="DESKTOP-DHJEVHR" failures="0" tests="3" name="com.TestNGBasics.LearningGroups" time="0.022" errors="0" timestamp="2023-02-25T22:10:23 IST" skipped="0">
  <testcase classname="com.TestNGBasics.LearningGroups" name="addToCart" time="0.014"/>
  <system-out/>
  <testcase classname="com.TestNGBasics.LearningGroups" name="logout" time="0.003"/>
  <system-out/>
  <testcase classname="com.TestNGBasics.LearningGroups" name="login" time="0.005"/>
  <system-out/>
</testsuite> <!-- com.TestNGBasics.LearningGroups -->
