<?xml version="1.0" encoding="UTF-8"?>
<!-- Generated by org.testng.reporters.JUnitReportReporter -->
<testsuite hostname="DESKTOP-DHJEVHR" failures="0" tests="4" name="com.TestNGBasics.LearningDataProvider" time="65.060" errors="0" timestamp="2023-03-06T13:43:15 IST" skipped="0">
  <testcase classname="com.TestNGBasics.LearningDataProvider" name="login" time="13.514"/>
  <system-out/>
  <testcase classname="com.TestNGBasics.LearningDataProvider" name="login" time="15.809"/>
  <system-out/>
  <testcase classname="com.TestNGBasics.LearningDataProvider" name="login" time="15.615"/>
  <system-out/>
  <testcase classname="com.TestNGBasics.LearningDataProvider" name="login" time="20.122"/>
  <system-out/>
</testsuite> <!-- com.TestNGBasics.LearningDataProvider -->
